# JRE version: OpenJDK Runtime Environment (11.0.10) (build 11.0.10+0-b96-7249189)
# Java VM: OpenJDK 64-Bit Server VM (11.0.10+0-b96-7249189, mixed mode, tiered, compressed oops, g1 gc, windows-amd64)
Heap:
 garbage-first heap   total 301056K, used 131088K [0x00000000a0000000, 0x0000000100000000)
  region size 1024K, 27 young (27648K), 9 survivors (9216K)
 Metaspace       used 96998K, capacity 99216K, committed 100096K, reserved 1136640K
  class space    used 12031K, capacity 12705K, committed 13056K, reserved 1048576K
GC Heap History (20 events):
Event: 117.824 GC heap before
{Heap before GC invocations=76 (full 0):
 garbage-first heap   total 150528K, used 125285K [0x00000000a0000000, 0x0000000100000000)
  region size 1024K, 20 young (20480K), 1 survivors (1024K)
 Metaspace       used 92174K, capacity 94359K, committed 95232K, reserved 1132544K
  class space    used 11444K, capacity 12130K, committed 12544K, reserved 1048576K
}
Event: 117.825 GC heap after
{Heap after GC invocations=77 (full 0):
 garbage-first heap   total 150528K, used 108100K [0x00000000a0000000, 0x0000000100000000)
  region size 1024K, 2 young (2048K), 2 survivors (2048K)
 Metaspace       used 92174K, capacity 94359K, committed 95232K, reserved 1132544K
  class space    used 11444K, capacity 12130K, committed 12544K, reserved 1048576K
}
Event: 117.848 GC heap before
{Heap before GC invocations=77 (full 0):
 garbage-first heap   total 150528K, used 127556K [0x00000000a0000000, 0x0000000100000000)
  region size 1024K, 21 young (21504K), 2 survivors (2048K)
 Metaspace       used 92178K, capacity 94359K, committed 95232K, reserved 1132544K
  class space    used 11444K, capacity 12130K, committed 12544K, reserved 1048576K
}
Event: 117.849 GC heap after
{Heap after GC invocations=78 (full 0):
 garbage-first heap   total 150528K, used 108922K [0x00000000a0000000, 0x0000000100000000)
  region size 1024K, 3 young (3072K), 3 survivors (3072K)
 Metaspace       used 92178K, capacity 94359K, committed 95232K, reserved 1132544K
  class space    used 11444K, capacity 12130K, committed 12544K, reserved 1048576K
}
Event: 117.888 GC heap before
{Heap before GC invocations=78 (full 0):
 garbage-first heap   total 150528K, used 127354K [0x00000000a0000000, 0x0000000100000000)
  region size 1024K, 21 young (21504K), 3 survivors (3072K)
 Metaspace       used 92160K, capacity 94323K, committed 95232K, reserved 1132544K
  class space    used 11440K, capacity 12124K, committed 12544K, reserved 1048576K
}
Event: 117.889 GC heap after
{Heap after GC invocations=79 (full 0):
 garbage-first heap   total 150528K, used 109697K [0x00000000a0000000, 0x0000000100000000)
  region size 1024K, 2 young (2048K), 2 survivors (2048K)
 Metaspace       used 92160K, capacity 94323K, committed 95232K, reserved 1132544K
  class space    used 11440K, capacity 12124K, committed 12544K, reserved 1048576K
}
Event: 117.912 GC heap before
{Heap before GC invocations=80 (full 0):
 garbage-first heap   total 150528K, used 128129K [0x00000000a0000000, 0x0000000100000000)
  region size 1024K, 20 young (20480K), 2 survivors (2048K)
 Metaspace       used 92161K, capacity 94323K, committed 95232K, reserved 1132544K
  class space    used 11440K, capacity 12124K, committed 12544K, reserved 1048576K
}
Event: 117.914 GC heap after
{Heap after GC invocations=81 (full 0):
 garbage-first heap   total 150528K, used 110980K [0x00000000a0000000, 0x0000000100000000)
  region size 1024K, 3 young (3072K), 3 survivors (3072K)
 Metaspace       used 92161K, capacity 94323K, committed 95232K, reserved 1132544K
  class space    used 11440K, capacity 12124K, committed 12544K, reserved 1048576K
}
Event: 117.918 GC heap before
{Heap before GC invocations=81 (full 0):
 garbage-first heap   total 150528K, used 115076K [0x00000000a0000000, 0x0000000100000000)
  region size 1024K, 7 young (7168K), 3 survivors (3072K)
 Metaspace       used 92162K, capacity 94323K, committed 95232K, reserved 1132544K
  class space    used 11440K, capacity 12124K, committed 12544K, reserved 1048576K
}
Event: 117.930 GC heap after
{Heap after GC invocations=82 (full 0):
 garbage-first heap   total 150528K, used 107423K [0x00000000a0000000, 0x0000000100000000)
  region size 1024K, 1 young (1024K), 1 survivors (1024K)
 Metaspace       used 92162K, capacity 94323K, committed 95232K, reserved 1132544K
  class space    used 11440K, capacity 12124K, committed 12544K, reserved 1048576K
}
Event: 117.953 GC heap before
{Heap before GC invocations=82 (full 0):
 garbage-first heap   total 150528K, used 126879K [0x00000000a0000000, 0x0000000100000000)
  region size 1024K, 20 young (20480K), 1 survivors (1024K)
 Metaspace       used 92162K, capacity 94323K, committed 95232K, reserved 1132544K
  class space    used 11440K, capacity 12124K, committed 12544K, reserved 1048576K
}
Event: 117.955 GC heap after
{Heap after GC invocations=83 (full 0):
 garbage-first heap   total 150528K, used 108505K [0x00000000a0000000, 0x0000000100000000)
  region size 1024K, 2 young (2048K), 2 survivors (2048K)
 Metaspace       used 92162K, capacity 94323K, committed 95232K, reserved 1132544K
  class space    used 11440K, capacity 12124K, committed 12544K, reserved 1048576K
}
Event: 117.980 GC heap before
{Heap before GC invocations=83 (full 0):
 garbage-first heap   total 150528K, used 126937K [0x00000000a0000000, 0x0000000100000000)
  region size 1024K, 21 young (21504K), 2 survivors (2048K)
 Metaspace       used 92163K, capacity 94323K, committed 95232K, reserved 1132544K
  class space    used 11440K, capacity 12124K, committed 12544K, reserved 1048576K
}
Event: 117.982 GC heap after
{Heap after GC invocations=84 (full 0):
 garbage-first heap   total 150528K, used 110090K [0x00000000a0000000, 0x0000000100000000)
  region size 1024K, 3 young (3072K), 3 survivors (3072K)
 Metaspace       used 92163K, capacity 94323K, committed 95232K, reserved 1132544K
  class space    used 11440K, capacity 12124K, committed 12544K, reserved 1048576K
}
Event: 118.014 GC heap before
{Heap before GC invocations=84 (full 0):
 garbage-first heap   total 150528K, used 129546K [0x00000000a0000000, 0x0000000100000000)
  region size 1024K, 21 young (21504K), 3 survivors (3072K)
 Metaspace       used 92164K, capacity 94323K, committed 95232K, reserved 1132544K
  class space    used 11440K, capacity 12124K, committed 12544K, reserved 1048576K
}
Event: 118.021 GC heap after
{Heap after GC invocations=85 (full 0):
 garbage-first heap   total 301056K, used 112446K [0x00000000a0000000, 0x0000000100000000)
  region size 1024K, 2 young (2048K), 2 survivors (2048K)
 Metaspace       used 92164K, capacity 94323K, committed 95232K, reserved 1132544K
  class space    used 11440K, capacity 12124K, committed 12544K, reserved 1048576K
}
Event: 118.159 GC heap before
{Heap before GC invocations=86 (full 0):
 garbage-first heap   total 301056K, used 194366K [0x00000000a0000000, 0x0000000100000000)
  region size 1024K, 82 young (83968K), 2 survivors (2048K)
 Metaspace       used 92173K, capacity 94387K, committed 95488K, reserved 1132544K
  class space    used 11440K, capacity 12124K, committed 12544K, reserved 1048576K
}
Event: 118.161 GC heap after
{Heap after GC invocations=87 (full 0):
 garbage-first heap   total 301056K, used 114352K [0x00000000a0000000, 0x0000000100000000)
  region size 1024K, 4 young (4096K), 4 survivors (4096K)
 Metaspace       used 92173K, capacity 94387K, committed 95488K, reserved 1132544K
  class space    used 11440K, capacity 12124K, committed 12544K, reserved 1048576K
}
Event: 119.787 GC heap before
{Heap before GC invocations=87 (full 0):
 garbage-first heap   total 301056K, used 222896K [0x00000000a0000000, 0x0000000100000000)
  region size 1024K, 111 young (113664K), 4 survivors (4096K)
 Metaspace       used 96751K, capacity 98992K, committed 99840K, reserved 1136640K
  class space    used 12001K, capacity 12676K, committed 13056K, reserved 1048576K
}
Event: 119.794 GC heap after
{Heap after GC invocations=88 (full 0):
 garbage-first heap   total 301056K, used 119824K [0x00000000a0000000, 0x0000000100000000)
  region size 1024K, 9 young (9216K), 9 survivors (9216K)
 Metaspace       used 96751K, capacity 98992K, committed 99840K, reserved 1136640K
  class space    used 12001K, capacity 12676K, committed 13056K, reserved 1048576K
}

